<?xml version="1.0" encoding="UTF-8"?>
<!-- Generated by org.testng.reporters.JUnitReportReporter -->
<testsuite hostname="PSK9T3U-DESKTOP" failures="0" tests="1" name="Runner.TestApplication" time="39.453" errors="0" timestamp="2024-01-25T13:48:41 IST" skipped="0">
  <testcase classname="Runner.TestApplication" name="runScenario" time="39.453"/>
  <system-out/>
</testsuite> <!-- Runner.TestApplication -->
