<?xml version="1.0" encoding="UTF-8"?>
<!-- Generated by org.testng.reporters.JUnitReportReporter -->
<testsuite hostname="PSK9T3U-DESKTOP" failures="0" tests="1" name="Runner.NewExcelTestRunner" time="1384.240" errors="0" timestamp="2023-08-01T13:01:44 IST" skipped="0">
  <testcase classname="Runner.NewExcelTestRunner" name="test" time="1384.240"/>
  <system-out/>
</testsuite> <!-- Runner.NewExcelTestRunner -->
